<?xml version="1.0" encoding="UTF-8"?>
<testsuite name="com.davivienda.pruebaautomatizacion.runners.RunnerTags" tests="0" skipped="0" failures="0" errors="0" timestamp="1970-01-01T00:00:00" hostname="LTBG60836" time="0.0">
  <properties/>
  <system-out><![CDATA[REGISTER BASE STEP LISTENER net.thucydides.core.steps.BaseStepListener@10993713

3 Scenarios (?[32m3 passed?[0m)
10 Steps (?[32m10 passed?[0m)
0m59,777s

]]></system-out>
  <system-err><![CDATA[[Test worker] INFO net.thucydides.core.steps.ConsoleLoggingListener - 

-------------------------------------------------------------------------------------
     _______. _______ .______       _______ .__   __.  __  .___________.____    ____ 
    /       ||   ____||   _  \     |   ____||  \ |  | |  | |           |\   \  /   / 
   |   (----`|  |__   |  |_)  |    |  |__   |   \|  | |  | `---|  |----` \   \/   /  
    \   \    |   __|  |      /     |   __|  |  . `  | |  |     |  |       \_    _/   
.----)   |   |  |____ |  |\  \----.|  |____ |  |\   | |  |     |  |         |  |     
|_______/    |_______|| _| `._____||_______||__| \__| |__|     |__|         |__|    
                                                                                     
 News and tutorials at http://www.serenity-bdd.info                                  
 Documentation at https://wakaleo.gitbooks.io/the-serenity-book/content/             
 Join the Serenity Community on Rocket Chat at https://serenity-bdd.rocket.chat      
 Serenity BDD Support and Training at http://serenity-bdd.info/#/trainingandsupport  
 Learn Serenity BDD online at http://serenity-dojo.com                               
-------------------------------------------------------------------------------------

[Test worker] INFO net.thucydides.core.steps.ConsoleLoggingListener - Test Suite Started: Diligenciar el formulario de vuelos y verificar los resultados
[Test worker] WARN net.thucydides.core.steps.BaseStepListener - testStarted: Diligenciar el formulario de vuelos con datos necesarios y buscar vuelo/diligenciar-el-formulario-de-vuelos-y-verificar-los-resultados;diligenciar-el-formulario-de-vuelos-con-datos-necesarios-y-buscar-vuelo
[Test worker] INFO net.thucydides.core.steps.ConsoleLoggingListener - 
 _____ _____ ____ _____   ____ _____  _    ____ _____ _____ ____  
|_   _| ____/ ___|_   _| / ___|_   _|/ \  |  _ \_   _| ____|  _ \ 
  | | |  _| \___ \ | |   \___ \ | | / _ \ | |_) || | |  _| | | | |
  | | | |___ ___) || |    ___) || |/ ___ \|  _ < | | | |___| |_| |
  |_| |_____|____/ |_|   |____/ |_/_/   \_\_| \_\|_| |_____|____/ 
                                                                  

TEST STARTED: Diligenciar el formulario de vuelos con datos necesarios y buscar vuelo
-------------------------------------------------------------------(diligenciar-el-formulario-de-vuelos-y-verificar-los-resultados;diligenciar-el-formulario-de-vuelos-con-datos-necesarios-y-buscar-vuelo)
[Test worker] WARN net.thucydides.core.steps.BaseStepListener - stepStarted: net.thucydides.core.steps.ExecutedStepDescription@4a9f80d3
[Test worker] WARN net.thucydides.core.steps.BaseStepListener - testStarted: Diligenciar el formulario de vuelos sin datos y buscar vuelo/diligenciar-el-formulario-de-vuelos-y-verificar-los-resultados;diligenciar-el-formulario-de-vuelos-sin-datos-y-buscar-vuelo
[Test worker] INFO net.thucydides.core.steps.ConsoleLoggingListener - 
 _____ _____ ____ _____   ____ _____  _    ____ _____ _____ ____  
|_   _| ____/ ___|_   _| / ___|_   _|/ \  |  _ \_   _| ____|  _ \ 
  | | |  _| \___ \ | |   \___ \ | | / _ \ | |_) || | |  _| | | | |
  | | | |___ ___) || |    ___) || |/ ___ \|  _ < | | | |___| |_| |
  |_| |_____|____/ |_|   |____/ |_/_/   \_\_| \_\|_| |_____|____/ 
                                                                  

TEST STARTED: Diligenciar el formulario de vuelos sin datos y buscar vuelo
-------------------------------------------------------------------(diligenciar-el-formulario-de-vuelos-y-verificar-los-resultados;diligenciar-el-formulario-de-vuelos-sin-datos-y-buscar-vuelo)
[Test worker] WARN net.thucydides.core.steps.BaseStepListener - testStarted: Seleccionar el único vuelo presentado/diligenciar-el-formulario-de-vuelos-y-verificar-los-resultados;seleccionar-el-único-vuelo-presentado
[Test worker] INFO net.thucydides.core.steps.ConsoleLoggingListener - 
 _____ _____ ____ _____   ____ _____  _    ____ _____ _____ ____  
|_   _| ____/ ___|_   _| / ___|_   _|/ \  |  _ \_   _| ____|  _ \ 
  | | |  _| \___ \ | |   \___ \ | | / _ \ | |_) || | |  _| | | | |
  | | | |___ ___) || |    ___) || |/ ___ \|  _ < | | | |___| |_| |
  |_| |_____|____/ |_|   |____/ |_/_/   \_\_| \_\|_| |_____|____/ 
                                                                  

TEST STARTED: Seleccionar el único vuelo presentado
-------------------------------------------------------------------(diligenciar-el-formulario-de-vuelos-y-verificar-los-resultados;seleccionar-el-único-vuelo-presentado)
[pool-2-thread-1] INFO net.thucydides.core.requirements.PackageRequirementsTagProvider - Loading requirements from package requirements at: net.thucydides.showcase.cucumber.junit
[pool-2-thread-2] INFO net.thucydides.core.requirements.PackageRequirementsTagProvider - Loading requirements from package requirements at: net.thucydides.showcase.cucumber.junit
[pool-2-thread-3] INFO net.thucydides.core.requirements.PackageRequirementsTagProvider - Loading requirements from package requirements at: net.thucydides.showcase.cucumber.junit
[pool-2-thread-1] INFO net.thucydides.core.requirements.PackageRequirementsTagProvider - Loading requirements from package requirements at: net.thucydides.showcase.cucumber.junit
]]></system-err>
</testsuite>
