<?xml version="1.0" encoding="UTF-8"?>
<testsuite name="Diligenciar el formulario de vuelos y verificar los resultados" tests="3" skipped="0" failures="0" errors="0" timestamp="2023-09-19T23:38:21" hostname="LTBG60836" time="59.005">
  <properties/>
  <testcase name="Diligenciar el formulario de vuelos con datos necesarios y buscar vuelo" classname="Diligenciar el formulario de vuelos y verificar los resultados" time="50.188"/>
  <testcase name="Diligenciar el formulario de vuelos sin datos y buscar vuelo" classname="Diligenciar el formulario de vuelos y verificar los resultados" time="7.613"/>
  <testcase name="Seleccionar el único vuelo presentado" classname="Diligenciar el formulario de vuelos y verificar los resultados" time="1.131"/>
  <system-out><![CDATA[]]></system-out>
  <system-err><![CDATA[[Test worker] WARN net.thucydides.core.steps.BaseStepListener - stepStarted: net.thucydides.core.steps.ExecutedStepDescription@cdc3aae
[Test worker] WARN net.thucydides.core.steps.BaseStepListener - stepStarted: net.thucydides.core.steps.ExecutedStepDescription@26d820eb
[Test worker] WARN net.thucydides.core.steps.BaseStepListener - stepStarted: net.thucydides.core.steps.ExecutedStepDescription@33f98231
sep 19, 2023 6:38:23 PM org.openqa.selenium.remote.DesiredCapabilities chrome
INFORMACIÓN: Using `new ChromeOptions()` is preferred to `DesiredCapabilities.chrome()`
[Test worker] INFO net.serenitybdd.core.webdriver.driverproviders.ProvideNewDriver - Instantiating driver
[Test worker] INFO net.serenitybdd.core.webdriver.driverproviders.ProvideNewDriver - Driver capabilities: Capabilities {acceptInsecureCerts: false, acceptSslCerts: true, browserName: chrome, chrome.switches: --disable-extensions,--star..., goog:chromeOptions: {args: [--disable-extensions, --start-maximized, --test-type, --user-agent=New User Agent], extensions: [], prefs: {pdfjs.disabled: true, profile_default_content_settings.popups: 0}}, handlesAlerts: true, loggingPrefs: org.openqa.selenium.logging..., platform: ANY, version: }
Starting ChromeDriver 116.0.5845.96 (1a391816688002153ef791ffe60d9e899a71a037-refs/branch-heads/5845@{#1382}) on port 47166
Only local connections are allowed.
Please see https://chromedriver.chromium.org/security-considerations for suggestions on keeping ChromeDriver safe.
ChromeDriver was started successfully.
sep 19, 2023 6:38:31 PM org.openqa.selenium.remote.ProtocolHandshake createSession
INFORMACIÓN: Detected dialect: W3C
[Test worker] WARN net.thucydides.core.steps.BaseStepListener - stepFinished: current outcome:Diligenciar el formulario de vuelos con datos necesarios y buscar vuelo:Example: {Origen=Bogota, Destino=Cali} [Dado que el usuario esta en la pagina de busqueda de vuelos [Usuario is abrir pagina [Usuario opens the Ui abrir pagina]]]
[Test worker] WARN net.thucydides.core.steps.BaseStepListener - stepStarted: net.thucydides.core.steps.ExecutedStepDescription@36f7d7b
[Test worker] WARN net.thucydides.core.steps.BaseStepListener - stepFinished: current outcome:Diligenciar el formulario de vuelos con datos necesarios y buscar vuelo:Example: {Origen=Bogota, Destino=Cali} [Dado que el usuario esta en la pagina de busqueda de vuelos [Usuario is abrir pagina [Usuario opens the Ui abrir pagina, Usuario clicks on Aceptar los cookies de la pagina web]]]
[Test worker] WARN net.thucydides.core.steps.BaseStepListener - stepFinished: current outcome:Diligenciar el formulario de vuelos con datos necesarios y buscar vuelo:Example: {Origen=Bogota, Destino=Cali} [Dado que el usuario esta en la pagina de busqueda de vuelos [Usuario is abrir pagina [Usuario opens the Ui abrir pagina, Usuario clicks on Aceptar los cookies de la pagina web]]]
[Test worker] WARN net.thucydides.core.steps.BaseStepListener - stepFinished: current outcome:Diligenciar el formulario de vuelos con datos necesarios y buscar vuelo:Example: {Origen=Bogota, Destino=Cali} [Dado que el usuario esta en la pagina de busqueda de vuelos [Usuario is abrir pagina [Usuario opens the Ui abrir pagina, Usuario clicks on Aceptar los cookies de la pagina web]]]
[Test worker] WARN net.thucydides.core.steps.BaseStepListener - stepStarted: net.thucydides.core.steps.ExecutedStepDescription@4337afd
[Test worker] WARN net.thucydides.core.steps.BaseStepListener - stepStarted: net.thucydides.core.steps.ExecutedStepDescription@1b01a0d
[Test worker] WARN net.thucydides.core.steps.BaseStepListener - stepStarted: net.thucydides.core.steps.ExecutedStepDescription@20ead579
[Test worker] WARN net.thucydides.core.steps.BaseStepListener - stepFinished: current outcome:Diligenciar el formulario de vuelos con datos necesarios y buscar vuelo:Example: {Origen=Bogota, Destino=Cali} [Dado que el usuario esta en la pagina de busqueda de vuelos [Usuario is abrir pagina [Usuario opens the Ui abrir pagina, Usuario clicks on Aceptar los cookies de la pagina web]], Cuando Diligencia el formulario de vuelos con los siguientes datos
| Origen | Destino |
| Bogota | Cali | [Usuario ts diligenciar formulario [Usuario enters 'Bogota' into Ingresar el Origen del vuelo]]]
[Test worker] WARN net.thucydides.core.steps.BaseStepListener - stepStarted: net.thucydides.core.steps.ExecutedStepDescription@fd09e43
[Test worker] WARN net.thucydides.core.steps.BaseStepListener - stepFinished: current outcome:Diligenciar el formulario de vuelos con datos necesarios y buscar vuelo:Example: {Origen=Bogota, Destino=Cali} [Dado que el usuario esta en la pagina de busqueda de vuelos [Usuario is abrir pagina [Usuario opens the Ui abrir pagina, Usuario clicks on Aceptar los cookies de la pagina web]], Cuando Diligencia el formulario de vuelos con los siguientes datos
| Origen | Destino |
| Bogota | Cali | [Usuario ts diligenciar formulario [Usuario enters 'Bogota' into Ingresar el Origen del vuelo, Usuario enters 'Cali' into Ingresar el Destino del vuelo]]]
[Test worker] WARN net.thucydides.core.steps.BaseStepListener - stepStarted: net.thucydides.core.steps.ExecutedStepDescription@4dadd690
[Test worker] WARN net.thucydides.core.steps.BaseStepListener - stepFinished: current outcome:Diligenciar el formulario de vuelos con datos necesarios y buscar vuelo:Example: {Origen=Bogota, Destino=Cali} [Dado que el usuario esta en la pagina de busqueda de vuelos [Usuario is abrir pagina [Usuario opens the Ui abrir pagina, Usuario clicks on Aceptar los cookies de la pagina web]], Cuando Diligencia el formulario de vuelos con los siguientes datos
| Origen | Destino |
| Bogota | Cali | [Usuario ts diligenciar formulario [Usuario enters 'Bogota' into Ingresar el Origen del vuelo, Usuario enters 'Cali' into Ingresar el Destino del vuelo, Usuario clicks on Seleccionar la fecha de ida del vuelo]]]
[Test worker] WARN net.thucydides.core.steps.BaseStepListener - stepStarted: net.thucydides.core.steps.ExecutedStepDescription@1da1380b
[Test worker] WARN net.thucydides.core.steps.BaseStepListener - stepFinished: current outcome:Diligenciar el formulario de vuelos con datos necesarios y buscar vuelo:Example: {Origen=Bogota, Destino=Cali} [Dado que el usuario esta en la pagina de busqueda de vuelos [Usuario is abrir pagina [Usuario opens the Ui abrir pagina, Usuario clicks on Aceptar los cookies de la pagina web]], Cuando Diligencia el formulario de vuelos con los siguientes datos
| Origen | Destino |
| Bogota | Cali | [Usuario ts diligenciar formulario [Usuario enters 'Bogota' into Ingresar el Origen del vuelo, Usuario enters 'Cali' into Ingresar el Destino del vuelo, Usuario clicks on Seleccionar la fecha de ida del vuelo, Usuario clicks on Seleccionar la fecha del vuelo]]]
[Test worker] WARN net.thucydides.core.steps.BaseStepListener - stepStarted: net.thucydides.core.steps.ExecutedStepDescription@4be0a27d
[Test worker] WARN net.thucydides.core.steps.BaseStepListener - stepFinished: current outcome:Diligenciar el formulario de vuelos con datos necesarios y buscar vuelo:Example: {Origen=Bogota, Destino=Cali} [Dado que el usuario esta en la pagina de busqueda de vuelos [Usuario is abrir pagina [Usuario opens the Ui abrir pagina, Usuario clicks on Aceptar los cookies de la pagina web]], Cuando Diligencia el formulario de vuelos con los siguientes datos
| Origen | Destino |
| Bogota | Cali | [Usuario ts diligenciar formulario [Usuario enters 'Bogota' into Ingresar el Origen del vuelo, Usuario enters 'Cali' into Ingresar el Destino del vuelo, Usuario clicks on Seleccionar la fecha de ida del vuelo, Usuario clicks on Seleccionar la fecha del vuelo, Usuario clicks on Seleccionar la fecha del vuelo]]]
[Test worker] WARN net.thucydides.core.steps.BaseStepListener - stepFinished: current outcome:Diligenciar el formulario de vuelos con datos necesarios y buscar vuelo:Example: {Origen=Bogota, Destino=Cali} [Dado que el usuario esta en la pagina de busqueda de vuelos [Usuario is abrir pagina [Usuario opens the Ui abrir pagina, Usuario clicks on Aceptar los cookies de la pagina web]], Cuando Diligencia el formulario de vuelos con los siguientes datos
| Origen | Destino |
| Bogota | Cali | [Usuario ts diligenciar formulario [Usuario enters 'Bogota' into Ingresar el Origen del vuelo, Usuario enters 'Cali' into Ingresar el Destino del vuelo, Usuario clicks on Seleccionar la fecha de ida del vuelo, Usuario clicks on Seleccionar la fecha del vuelo, Usuario clicks on Seleccionar la fecha del vuelo]]]
[Test worker] WARN net.thucydides.core.steps.BaseStepListener - stepFinished: current outcome:Diligenciar el formulario de vuelos con datos necesarios y buscar vuelo:Example: {Origen=Bogota, Destino=Cali} [Dado que el usuario esta en la pagina de busqueda de vuelos [Usuario is abrir pagina [Usuario opens the Ui abrir pagina, Usuario clicks on Aceptar los cookies de la pagina web]], Cuando Diligencia el formulario de vuelos con los siguientes datos
| Origen | Destino |
| Bogota | Cali | [Usuario ts diligenciar formulario [Usuario enters 'Bogota' into Ingresar el Origen del vuelo, Usuario enters 'Cali' into Ingresar el Destino del vuelo, Usuario clicks on Seleccionar la fecha de ida del vuelo, Usuario clicks on Seleccionar la fecha del vuelo, Usuario clicks on Seleccionar la fecha del vuelo]]]
[Test worker] WARN net.thucydides.core.steps.BaseStepListener - stepStarted: net.thucydides.core.steps.ExecutedStepDescription@25ffd826
[Test worker] WARN net.thucydides.core.steps.BaseStepListener - stepStarted: net.thucydides.core.steps.ExecutedStepDescription@773014d3
[Test worker] WARN net.thucydides.core.steps.BaseStepListener - stepStarted: net.thucydides.core.steps.ExecutedStepDescription@629a9f26
[Test worker] WARN net.thucydides.core.steps.BaseStepListener - stepFinished: current outcome:Diligenciar el formulario de vuelos con datos necesarios y buscar vuelo:Example: {Origen=Bogota, Destino=Cali} [Dado que el usuario esta en la pagina de busqueda de vuelos [Usuario is abrir pagina [Usuario opens the Ui abrir pagina, Usuario clicks on Aceptar los cookies de la pagina web]], Cuando Diligencia el formulario de vuelos con los siguientes datos
| Origen | Destino |
| Bogota | Cali | [Usuario ts diligenciar formulario [Usuario enters 'Bogota' into Ingresar el Origen del vuelo, Usuario enters 'Cali' into Ingresar el Destino del vuelo, Usuario clicks on Seleccionar la fecha de ida del vuelo, Usuario clicks on Seleccionar la fecha del vuelo, Usuario clicks on Seleccionar la fecha del vuelo]], Y hace clic en el boton buscar vuelos [Usuario is buscar vuelos [Usuario clicks on Botón para buscar el vuelo]]]
[Test worker] WARN net.thucydides.core.steps.BaseStepListener - stepFinished: current outcome:Diligenciar el formulario de vuelos con datos necesarios y buscar vuelo:Example: {Origen=Bogota, Destino=Cali} [Dado que el usuario esta en la pagina de busqueda de vuelos [Usuario is abrir pagina [Usuario opens the Ui abrir pagina, Usuario clicks on Aceptar los cookies de la pagina web]], Cuando Diligencia el formulario de vuelos con los siguientes datos
| Origen | Destino |
| Bogota | Cali | [Usuario ts diligenciar formulario [Usuario enters 'Bogota' into Ingresar el Origen del vuelo, Usuario enters 'Cali' into Ingresar el Destino del vuelo, Usuario clicks on Seleccionar la fecha de ida del vuelo, Usuario clicks on Seleccionar la fecha del vuelo, Usuario clicks on Seleccionar la fecha del vuelo]], Y hace clic en el boton buscar vuelos [Usuario is buscar vuelos [Usuario clicks on Botón para buscar el vuelo]]]
[Test worker] WARN net.thucydides.core.steps.BaseStepListener - stepFinished: current outcome:Diligenciar el formulario de vuelos con datos necesarios y buscar vuelo:Example: {Origen=Bogota, Destino=Cali} [Dado que el usuario esta en la pagina de busqueda de vuelos [Usuario is abrir pagina [Usuario opens the Ui abrir pagina, Usuario clicks on Aceptar los cookies de la pagina web]], Cuando Diligencia el formulario de vuelos con los siguientes datos
| Origen | Destino |
| Bogota | Cali | [Usuario ts diligenciar formulario [Usuario enters 'Bogota' into Ingresar el Origen del vuelo, Usuario enters 'Cali' into Ingresar el Destino del vuelo, Usuario clicks on Seleccionar la fecha de ida del vuelo, Usuario clicks on Seleccionar la fecha del vuelo, Usuario clicks on Seleccionar la fecha del vuelo]], Y hace clic en el boton buscar vuelos [Usuario is buscar vuelos [Usuario clicks on Botón para buscar el vuelo]]]
[Test worker] WARN net.thucydides.core.steps.BaseStepListener - stepStarted: net.thucydides.core.steps.ExecutedStepDescription@28279a49
[Test worker] WARN net.thucydides.core.steps.BaseStepListener - stepStarted: net.thucydides.core.steps.ExecutedStepDescription@29bcf51d
[Test worker] WARN net.thucydides.core.steps.BaseStepListener - stepStarted: net.thucydides.core.steps.ExecutedStepDescription@62b3a2f6
[Test worker] WARN net.thucydides.core.steps.BaseStepListener - stepFinished: current outcome:Diligenciar el formulario de vuelos con datos necesarios y buscar vuelo:Example: {Origen=Bogota, Destino=Cali} [Dado que el usuario esta en la pagina de busqueda de vuelos [Usuario is abrir pagina [Usuario opens the Ui abrir pagina, Usuario clicks on Aceptar los cookies de la pagina web]], Cuando Diligencia el formulario de vuelos con los siguientes datos
| Origen | Destino |
| Bogota | Cali | [Usuario ts diligenciar formulario [Usuario enters 'Bogota' into Ingresar el Origen del vuelo, Usuario enters 'Cali' into Ingresar el Destino del vuelo, Usuario clicks on Seleccionar la fecha de ida del vuelo, Usuario clicks on Seleccionar la fecha del vuelo, Usuario clicks on Seleccionar la fecha del vuelo]], Y hace clic en el boton buscar vuelos [Usuario is buscar vuelos [Usuario clicks on Botón para buscar el vuelo]], Entonces espera y  muestra de resultados seleccionando el segundo vuelo disponible indicando que la prueba es exitosa [Usuario is seleccionar vuelo [Usuario clicks on Seleccionar El segundo vuelo]]]
[Test worker] WARN net.thucydides.core.steps.BaseStepListener - stepFinished: current outcome:Diligenciar el formulario de vuelos con datos necesarios y buscar vuelo:Example: {Origen=Bogota, Destino=Cali} [Dado que el usuario esta en la pagina de busqueda de vuelos [Usuario is abrir pagina [Usuario opens the Ui abrir pagina, Usuario clicks on Aceptar los cookies de la pagina web]], Cuando Diligencia el formulario de vuelos con los siguientes datos
| Origen | Destino |
| Bogota | Cali | [Usuario ts diligenciar formulario [Usuario enters 'Bogota' into Ingresar el Origen del vuelo, Usuario enters 'Cali' into Ingresar el Destino del vuelo, Usuario clicks on Seleccionar la fecha de ida del vuelo, Usuario clicks on Seleccionar la fecha del vuelo, Usuario clicks on Seleccionar la fecha del vuelo]], Y hace clic en el boton buscar vuelos [Usuario is buscar vuelos [Usuario clicks on Botón para buscar el vuelo]], Entonces espera y  muestra de resultados seleccionando el segundo vuelo disponible indicando que la prueba es exitosa [Usuario is seleccionar vuelo [Usuario clicks on Seleccionar El segundo vuelo]]]
[Test worker] WARN net.thucydides.core.steps.BaseStepListener - stepFinished: current outcome:Diligenciar el formulario de vuelos con datos necesarios y buscar vuelo:Example: {Origen=Bogota, Destino=Cali} [Dado que el usuario esta en la pagina de busqueda de vuelos [Usuario is abrir pagina [Usuario opens the Ui abrir pagina, Usuario clicks on Aceptar los cookies de la pagina web]], Cuando Diligencia el formulario de vuelos con los siguientes datos
| Origen | Destino |
| Bogota | Cali | [Usuario ts diligenciar formulario [Usuario enters 'Bogota' into Ingresar el Origen del vuelo, Usuario enters 'Cali' into Ingresar el Destino del vuelo, Usuario clicks on Seleccionar la fecha de ida del vuelo, Usuario clicks on Seleccionar la fecha del vuelo, Usuario clicks on Seleccionar la fecha del vuelo]], Y hace clic en el boton buscar vuelos [Usuario is buscar vuelos [Usuario clicks on Botón para buscar el vuelo]], Entonces espera y  muestra de resultados seleccionando el segundo vuelo disponible indicando que la prueba es exitosa [Usuario is seleccionar vuelo [Usuario clicks on Seleccionar El segundo vuelo]]]
[Test worker] WARN net.thucydides.core.steps.BaseStepListener - stepFinished: current outcome:Diligenciar el formulario de vuelos con datos necesarios y buscar vuelo:Example: {Origen=Bogota, Destino=Cali} [Dado que el usuario esta en la pagina de busqueda de vuelos [Usuario is abrir pagina [Usuario opens the Ui abrir pagina, Usuario clicks on Aceptar los cookies de la pagina web]], Cuando Diligencia el formulario de vuelos con los siguientes datos
| Origen | Destino |
| Bogota | Cali | [Usuario ts diligenciar formulario [Usuario enters 'Bogota' into Ingresar el Origen del vuelo, Usuario enters 'Cali' into Ingresar el Destino del vuelo, Usuario clicks on Seleccionar la fecha de ida del vuelo, Usuario clicks on Seleccionar la fecha del vuelo, Usuario clicks on Seleccionar la fecha del vuelo]], Y hace clic en el boton buscar vuelos [Usuario is buscar vuelos [Usuario clicks on Botón para buscar el vuelo]], Entonces espera y  muestra de resultados seleccionando el segundo vuelo disponible indicando que la prueba es exitosa [Usuario is seleccionar vuelo [Usuario clicks on Seleccionar El segundo vuelo]]]
[Test worker] WARN net.thucydides.core.steps.BaseStepListener - testFinished: Diligenciar el formulario de vuelos con datos necesarios y buscar vuelo:Example: {Origen=Bogota, Destino=Cali} [Dado que el usuario esta en la pagina de busqueda de vuelos [Usuario is abrir pagina [Usuario opens the Ui abrir pagina, Usuario clicks on Aceptar los cookies de la pagina web]], Cuando Diligencia el formulario de vuelos con los siguientes datos
| Origen | Destino |
| Bogota | Cali | [Usuario ts diligenciar formulario [Usuario enters 'Bogota' into Ingresar el Origen del vuelo, Usuario enters 'Cali' into Ingresar el Destino del vuelo, Usuario clicks on Seleccionar la fecha de ida del vuelo, Usuario clicks on Seleccionar la fecha del vuelo, Usuario clicks on Seleccionar la fecha del vuelo]], Y hace clic en el boton buscar vuelos [Usuario is buscar vuelos [Usuario clicks on Botón para buscar el vuelo]], Entonces espera y  muestra de resultados seleccionando el segundo vuelo disponible indicando que la prueba es exitosa [Usuario is seleccionar vuelo [Usuario clicks on Seleccionar El segundo vuelo]]]
[Test worker] WARN net.thucydides.core.steps.BaseStepListener - TestOutcomes: [Diligenciar el formulario de vuelos con datos necesarios y buscar vuelo:Example: {Origen=Bogota, Destino=Cali} [Dado que el usuario esta en la pagina de busqueda de vuelos [Usuario is abrir pagina [Usuario opens the Ui abrir pagina, Usuario clicks on Aceptar los cookies de la pagina web]], Cuando Diligencia el formulario de vuelos con los siguientes datos
| Origen | Destino |
| Bogota | Cali | [Usuario ts diligenciar formulario [Usuario enters 'Bogota' into Ingresar el Origen del vuelo, Usuario enters 'Cali' into Ingresar el Destino del vuelo, Usuario clicks on Seleccionar la fecha de ida del vuelo, Usuario clicks on Seleccionar la fecha del vuelo, Usuario clicks on Seleccionar la fecha del vuelo]], Y hace clic en el boton buscar vuelos [Usuario is buscar vuelos [Usuario clicks on Botón para buscar el vuelo]], Entonces espera y  muestra de resultados seleccionando el segundo vuelo disponible indicando que la prueba es exitosa [Usuario is seleccionar vuelo [Usuario clicks on Seleccionar El segundo vuelo]]]]
[Test worker] WARN net.thucydides.core.steps.BaseStepListener - Final testOutcomes: [Diligenciar el formulario de vuelos con datos necesarios y buscar vuelo:Example: {Origen=Bogota, Destino=Cali} [Dado que el usuario esta en la pagina de busqueda de vuelos [Usuario is abrir pagina [Usuario opens the Ui abrir pagina, Usuario clicks on Aceptar los cookies de la pagina web]], Cuando Diligencia el formulario de vuelos con los siguientes datos
| Origen | Destino |
| Bogota | Cali | [Usuario ts diligenciar formulario [Usuario enters 'Bogota' into Ingresar el Origen del vuelo, Usuario enters 'Cali' into Ingresar el Destino del vuelo, Usuario clicks on Seleccionar la fecha de ida del vuelo, Usuario clicks on Seleccionar la fecha del vuelo, Usuario clicks on Seleccionar la fecha del vuelo]], Y hace clic en el boton buscar vuelos [Usuario is buscar vuelos [Usuario clicks on Botón para buscar el vuelo]], Entonces espera y  muestra de resultados seleccionando el segundo vuelo disponible indicando que la prueba es exitosa [Usuario is seleccionar vuelo [Usuario clicks on Seleccionar El segundo vuelo]]]]
[Test worker] INFO net.thucydides.core.steps.ConsoleLoggingListener - 
        __    _____ _____ ____ _____   ____   _    ____  ____  _____ ____  
  _     \ \  |_   _| ____/ ___|_   _| |  _ \ / \  / ___|/ ___|| ____|  _ \ 
 (_)_____| |   | | |  _| \___ \ | |   | |_) / _ \ \___ \\___ \|  _| | | | |
  _|_____| |   | | | |___ ___) || |   |  __/ ___ \ ___) |___) | |___| |_| |
 (_)     | |   |_| |_____|____/ |_|   |_| /_/   \_\____/|____/|_____|____/ 
        /_/                                                                

TEST PASSED: Diligenciar el formulario de vuelos con datos necesarios y buscar vuelo
----------------------------------------------------------------------------
[Test worker] WARN net.thucydides.core.steps.BaseStepListener - stepStarted: net.thucydides.core.steps.ExecutedStepDescription@ee21292
[Test worker] WARN net.thucydides.core.steps.BaseStepListener - stepStarted: net.thucydides.core.steps.ExecutedStepDescription@5efeb117
[Test worker] WARN net.thucydides.core.steps.BaseStepListener - stepStarted: net.thucydides.core.steps.ExecutedStepDescription@7da635c0
[Test worker] WARN net.thucydides.core.steps.BaseStepListener - stepFinished: current outcome:Diligenciar el formulario de vuelos sin datos y buscar vuelo:Dado que el usuario esta en la pagina de busqueda de vuelos [Usuario is abrir pagina [Usuario opens the Ui abrir pagina]]
[Test worker] WARN net.thucydides.core.steps.BaseStepListener - stepFinished: current outcome:Diligenciar el formulario de vuelos sin datos y buscar vuelo:Dado que el usuario esta en la pagina de busqueda de vuelos [Usuario is abrir pagina [Usuario opens the Ui abrir pagina]]
[Test worker] WARN net.thucydides.core.steps.BaseStepListener - stepFinished: current outcome:Diligenciar el formulario de vuelos sin datos y buscar vuelo:Dado que el usuario esta en la pagina de busqueda de vuelos [Usuario is abrir pagina [Usuario opens the Ui abrir pagina]]
[Test worker] WARN net.thucydides.core.steps.BaseStepListener - stepStarted: net.thucydides.core.steps.ExecutedStepDescription@365afe87
[Test worker] WARN net.thucydides.core.steps.BaseStepListener - stepFinished: current outcome:Diligenciar el formulario de vuelos sin datos y buscar vuelo:Dado que el usuario esta en la pagina de busqueda de vuelos [Usuario is abrir pagina [Usuario opens the Ui abrir pagina]], Cuando hace clic en el boton buscar vuelo sin ingresar datos
[Test worker] WARN net.thucydides.core.steps.BaseStepListener - stepStarted: net.thucydides.core.steps.ExecutedStepDescription@594131f2
[Test worker] WARN net.thucydides.core.steps.BaseStepListener - stepFinished: current outcome:Diligenciar el formulario de vuelos sin datos y buscar vuelo:Dado que el usuario esta en la pagina de busqueda de vuelos [Usuario is abrir pagina [Usuario opens the Ui abrir pagina]], Cuando hace clic en el boton buscar vuelo sin ingresar datos, Entonces se espera un mensaje de error indicando que faltan datos
[Test worker] WARN net.thucydides.core.steps.BaseStepListener - testFinished: Diligenciar el formulario de vuelos sin datos y buscar vuelo:Dado que el usuario esta en la pagina de busqueda de vuelos [Usuario is abrir pagina [Usuario opens the Ui abrir pagina]], Cuando hace clic en el boton buscar vuelo sin ingresar datos, Entonces se espera un mensaje de error indicando que faltan datos
[Test worker] WARN net.thucydides.core.steps.BaseStepListener - TestOutcomes: [Diligenciar el formulario de vuelos con datos necesarios y buscar vuelo:Example: {Origen=Bogota, Destino=Cali} [Dado que el usuario esta en la pagina de busqueda de vuelos [Usuario is abrir pagina [Usuario opens the Ui abrir pagina, Usuario clicks on Aceptar los cookies de la pagina web]], Cuando Diligencia el formulario de vuelos con los siguientes datos
| Origen | Destino |
| Bogota | Cali | [Usuario ts diligenciar formulario [Usuario enters 'Bogota' into Ingresar el Origen del vuelo, Usuario enters 'Cali' into Ingresar el Destino del vuelo, Usuario clicks on Seleccionar la fecha de ida del vuelo, Usuario clicks on Seleccionar la fecha del vuelo, Usuario clicks on Seleccionar la fecha del vuelo]], Y hace clic en el boton buscar vuelos [Usuario is buscar vuelos [Usuario clicks on Botón para buscar el vuelo]], Entonces espera y  muestra de resultados seleccionando el segundo vuelo disponible indicando que la prueba es exitosa [Usuario is seleccionar vuelo [Usuario clicks on Seleccionar El segundo vuelo]]], Diligenciar el formulario de vuelos sin datos y buscar vuelo:Dado que el usuario esta en la pagina de busqueda de vuelos [Usuario is abrir pagina [Usuario opens the Ui abrir pagina]], Cuando hace clic en el boton buscar vuelo sin ingresar datos, Entonces se espera un mensaje de error indicando que faltan datos]
[Test worker] WARN net.thucydides.core.steps.BaseStepListener - Final testOutcomes: [Diligenciar el formulario de vuelos con datos necesarios y buscar vuelo:Example: {Origen=Bogota, Destino=Cali} [Dado que el usuario esta en la pagina de busqueda de vuelos [Usuario is abrir pagina [Usuario opens the Ui abrir pagina, Usuario clicks on Aceptar los cookies de la pagina web]], Cuando Diligencia el formulario de vuelos con los siguientes datos
| Origen | Destino |
| Bogota | Cali | [Usuario ts diligenciar formulario [Usuario enters 'Bogota' into Ingresar el Origen del vuelo, Usuario enters 'Cali' into Ingresar el Destino del vuelo, Usuario clicks on Seleccionar la fecha de ida del vuelo, Usuario clicks on Seleccionar la fecha del vuelo, Usuario clicks on Seleccionar la fecha del vuelo]], Y hace clic en el boton buscar vuelos [Usuario is buscar vuelos [Usuario clicks on Botón para buscar el vuelo]], Entonces espera y  muestra de resultados seleccionando el segundo vuelo disponible indicando que la prueba es exitosa [Usuario is seleccionar vuelo [Usuario clicks on Seleccionar El segundo vuelo]]], Diligenciar el formulario de vuelos sin datos y buscar vuelo:Dado que el usuario esta en la pagina de busqueda de vuelos [Usuario is abrir pagina [Usuario opens the Ui abrir pagina]], Cuando hace clic en el boton buscar vuelo sin ingresar datos, Entonces se espera un mensaje de error indicando que faltan datos]
[Test worker] INFO net.thucydides.core.steps.ConsoleLoggingListener - 
        __    _____ _____ ____ _____   ____   _    ____  ____  _____ ____  
  _     \ \  |_   _| ____/ ___|_   _| |  _ \ / \  / ___|/ ___|| ____|  _ \ 
 (_)_____| |   | | |  _| \___ \ | |   | |_) / _ \ \___ \\___ \|  _| | | | |
  _|_____| |   | | | |___ ___) || |   |  __/ ___ \ ___) |___) | |___| |_| |
 (_)     | |   |_| |_____|____/ |_|   |_| /_/   \_\____/|____/|_____|____/ 
        /_/                                                                

TEST PASSED: Diligenciar el formulario de vuelos sin datos y buscar vuelo
----------------------------------------------------------------------------
[Test worker] WARN net.thucydides.core.steps.BaseStepListener - stepStarted: net.thucydides.core.steps.ExecutedStepDescription@2e7af36e
[Test worker] WARN net.thucydides.core.steps.BaseStepListener - stepFinished: current outcome:Seleccionar el único vuelo presentado:Dado que hay un unico resultado de busqueda de vuelos
[Test worker] WARN net.thucydides.core.steps.BaseStepListener - stepStarted: net.thucydides.core.steps.ExecutedStepDescription@30c19bff
[Test worker] WARN net.thucydides.core.steps.BaseStepListener - stepFinished: current outcome:Seleccionar el único vuelo presentado:Dado que hay un unico resultado de busqueda de vuelos, Cuando el usuario selecciona el unico vuelo presentado
[Test worker] WARN net.thucydides.core.steps.BaseStepListener - stepStarted: net.thucydides.core.steps.ExecutedStepDescription@2180e789
[Test worker] WARN net.thucydides.core.steps.BaseStepListener - stepFinished: current outcome:Seleccionar el único vuelo presentado:Dado que hay un unico resultado de busqueda de vuelos, Cuando el usuario selecciona el unico vuelo presentado, Entonces se reporta la prueba con advertencia indicando que solo habia un vuelo
[Test worker] WARN net.thucydides.core.steps.BaseStepListener - testFinished: Seleccionar el único vuelo presentado:Dado que hay un unico resultado de busqueda de vuelos, Cuando el usuario selecciona el unico vuelo presentado, Entonces se reporta la prueba con advertencia indicando que solo habia un vuelo
[Test worker] WARN net.thucydides.core.steps.BaseStepListener - TestOutcomes: [Diligenciar el formulario de vuelos con datos necesarios y buscar vuelo:Example: {Origen=Bogota, Destino=Cali} [Dado que el usuario esta en la pagina de busqueda de vuelos [Usuario is abrir pagina [Usuario opens the Ui abrir pagina, Usuario clicks on Aceptar los cookies de la pagina web]], Cuando Diligencia el formulario de vuelos con los siguientes datos
| Origen | Destino |
| Bogota | Cali | [Usuario ts diligenciar formulario [Usuario enters 'Bogota' into Ingresar el Origen del vuelo, Usuario enters 'Cali' into Ingresar el Destino del vuelo, Usuario clicks on Seleccionar la fecha de ida del vuelo, Usuario clicks on Seleccionar la fecha del vuelo, Usuario clicks on Seleccionar la fecha del vuelo]], Y hace clic en el boton buscar vuelos [Usuario is buscar vuelos [Usuario clicks on Botón para buscar el vuelo]], Entonces espera y  muestra de resultados seleccionando el segundo vuelo disponible indicando que la prueba es exitosa [Usuario is seleccionar vuelo [Usuario clicks on Seleccionar El segundo vuelo]]], Diligenciar el formulario de vuelos sin datos y buscar vuelo:Dado que el usuario esta en la pagina de busqueda de vuelos [Usuario is abrir pagina [Usuario opens the Ui abrir pagina]], Cuando hace clic en el boton buscar vuelo sin ingresar datos, Entonces se espera un mensaje de error indicando que faltan datos, Seleccionar el único vuelo presentado:Dado que hay un unico resultado de busqueda de vuelos, Cuando el usuario selecciona el unico vuelo presentado, Entonces se reporta la prueba con advertencia indicando que solo habia un vuelo]
[Test worker] WARN net.thucydides.core.steps.BaseStepListener - Final testOutcomes: [Diligenciar el formulario de vuelos con datos necesarios y buscar vuelo:Example: {Origen=Bogota, Destino=Cali} [Dado que el usuario esta en la pagina de busqueda de vuelos [Usuario is abrir pagina [Usuario opens the Ui abrir pagina, Usuario clicks on Aceptar los cookies de la pagina web]], Cuando Diligencia el formulario de vuelos con los siguientes datos
| Origen | Destino |
| Bogota | Cali | [Usuario ts diligenciar formulario [Usuario enters 'Bogota' into Ingresar el Origen del vuelo, Usuario enters 'Cali' into Ingresar el Destino del vuelo, Usuario clicks on Seleccionar la fecha de ida del vuelo, Usuario clicks on Seleccionar la fecha del vuelo, Usuario clicks on Seleccionar la fecha del vuelo]], Y hace clic en el boton buscar vuelos [Usuario is buscar vuelos [Usuario clicks on Botón para buscar el vuelo]], Entonces espera y  muestra de resultados seleccionando el segundo vuelo disponible indicando que la prueba es exitosa [Usuario is seleccionar vuelo [Usuario clicks on Seleccionar El segundo vuelo]]], Diligenciar el formulario de vuelos sin datos y buscar vuelo:Dado que el usuario esta en la pagina de busqueda de vuelos [Usuario is abrir pagina [Usuario opens the Ui abrir pagina]], Cuando hace clic en el boton buscar vuelo sin ingresar datos, Entonces se espera un mensaje de error indicando que faltan datos, Seleccionar el único vuelo presentado:Dado que hay un unico resultado de busqueda de vuelos, Cuando el usuario selecciona el unico vuelo presentado, Entonces se reporta la prueba con advertencia indicando que solo habia un vuelo]
[Test worker] INFO net.thucydides.core.steps.ConsoleLoggingListener - 
        __    _____ _____ ____ _____   ____   _    ____  ____  _____ ____  
  _     \ \  |_   _| ____/ ___|_   _| |  _ \ / \  / ___|/ ___|| ____|  _ \ 
 (_)_____| |   | | |  _| \___ \ | |   | |_) / _ \ \___ \\___ \|  _| | | | |
  _|_____| |   | | | |___ ___) || |   |  __/ ___ \ ___) |___) | |___| |_| |
 (_)     | |   |_| |_____|____/ |_|   |_| /_/   \_\____/|____/|_____|____/ 
        /_/                                                                

TEST PASSED: Seleccionar el único vuelo presentado
----------------------------------------------------------------------------
]]></system-err>
</testsuite>
