<?xml version="1.0" encoding="UTF-8"?>
<testsuite name="Diligenciar el formulario de vuelos y verificar los resultados" tests="1" skipped="0" failures="1" errors="0" timestamp="2024-10-25T21:44:15" hostname="7020771PYLCASTA" time="22.494">
  <properties/>
  <testcase name="Diligenciar el formulario de vuelos con datos necesarios y buscar vuelo" classname="Diligenciar el formulario de vuelos y verificar los resultados" time="22.494">
    <failure message="org.openqa.selenium.ElementClickInterceptedException: element click intercepted: Element &lt;span class=&quot;aui-button__label&quot;&gt;...&lt;/span&gt; is not clickable at point (1332, 10). Other element would receive the click: &lt;div class=&quot;styles__ViewFlightWrapper-sc-1ejm4gi-3 hjzFmK&quot;&gt;...&lt;/div&gt;&#10;  (Session info: chrome=130.0.6723.69)&#10;Build info: version: '3.141.59', revision: 'e82be7d358', time: '2018-11-14T08:17:03'&#10;System info: host: '7020771PYLCASTA', ip: '90.33.1.115', os.name: 'Windows 10', os.arch: 'amd64', os.version: '10.0', java.version: '1.8.0_381'&#10;Driver info: org.openqa.selenium.chrome.ChromeDriver&#10;Capabilities {acceptInsecureCerts: false, browserName: chrome, browserVersion: 130.0.6723.69, chrome: {chromedriverVersion: 129.0.6668.89 (951c0b97221f..., userDataDir: C:\Windows\SystemTemp\scope...}, fedcm:accounts: true, goog:chromeOptions: {debuggerAddress: localhost:63173}, javascriptEnabled: true, networkConnectionEnabled: false, pageLoadStrategy: normal, platform: WINDOWS, platformName: WINDOWS, proxy: Proxy(), setWindowRect: true, strictFileInteractability: false, timeouts: {implicit: 0, pageLoad: 300000, script: 30000}, unhandledPromptBehavior: dismiss and notify, webauthn:extension:credBlob: true, webauthn:extension:largeBlob: true, webauthn:extension:minPinLength: true, webauthn:extension:prf: true, webauthn:virtualAuthenticators: true}&#10;Session ID: baca6ea3a747548819af92c927cd9fea" type="org.openqa.selenium.ElementClickInterceptedException">org.openqa.selenium.ElementClickInterceptedException: element click intercepted: Element &lt;span class=&quot;aui-button__label&quot;&gt;...&lt;/span&gt; is not clickable at point (1332, 10). Other element would receive the click: &lt;div class=&quot;styles__ViewFlightWrapper-sc-1ejm4gi-3 hjzFmK&quot;&gt;...&lt;/div&gt;
  (Session info: chrome=130.0.6723.69)
Build info: version: '3.141.59', revision: 'e82be7d358', time: '2018-11-14T08:17:03'
System info: host: '7020771PYLCASTA', ip: '90.33.1.115', os.name: 'Windows 10', os.arch: 'amd64', os.version: '10.0', java.version: '1.8.0_381'
Driver info: org.openqa.selenium.chrome.ChromeDriver
Capabilities {acceptInsecureCerts: false, browserName: chrome, browserVersion: 130.0.6723.69, chrome: {chromedriverVersion: 129.0.6668.89 (951c0b97221f..., userDataDir: C:\Windows\SystemTemp\scope...}, fedcm:accounts: true, goog:chromeOptions: {debuggerAddress: localhost:63173}, javascriptEnabled: true, networkConnectionEnabled: false, pageLoadStrategy: normal, platform: WINDOWS, platformName: WINDOWS, proxy: Proxy(), setWindowRect: true, strictFileInteractability: false, timeouts: {implicit: 0, pageLoad: 300000, script: 30000}, unhandledPromptBehavior: dismiss and notify, webauthn:extension:credBlob: true, webauthn:extension:largeBlob: true, webauthn:extension:minPinLength: true, webauthn:extension:prf: true, webauthn:virtualAuthenticators: true}
Session ID: baca6ea3a747548819af92c927cd9fea
	at sun.reflect.NativeConstructorAccessorImpl.newInstance0(Native Method)
	at sun.reflect.NativeConstructorAccessorImpl.newInstance(NativeConstructorAccessorImpl.java:62)
	at sun.reflect.DelegatingConstructorAccessorImpl.newInstance(DelegatingConstructorAccessorImpl.java:45)
	at java.lang.reflect.Constructor.newInstance(Constructor.java:423)
	at org.openqa.selenium.remote.http.W3CHttpResponseCodec.createException(W3CHttpResponseCodec.java:187)
	at org.openqa.selenium.remote.http.W3CHttpResponseCodec.decode(W3CHttpResponseCodec.java:122)
	at org.openqa.selenium.remote.http.W3CHttpResponseCodec.decode(W3CHttpResponseCodec.java:49)
	at org.openqa.selenium.remote.HttpCommandExecutor.execute(HttpCommandExecutor.java:158)
	at org.openqa.selenium.remote.service.DriverCommandExecutor.execute(DriverCommandExecutor.java:83)
	at org.openqa.selenium.remote.RemoteWebDriver.execute(RemoteWebDriver.java:552)
	at org.openqa.selenium.remote.RemoteWebElement.execute(RemoteWebElement.java:285)
	at org.openqa.selenium.remote.RemoteWebElement.click(RemoteWebElement.java:84)
	at net.serenitybdd.core.pages.WebElementFacadeImpl.click(WebElementFacadeImpl.java:1231)
	at net.serenitybdd.screenplay.actions.ClickOnTarget.performAs(ClickOnTarget.java:13)
	at net.serenitybdd.screenplay.actions.ClickOnTarget$ByteBuddy$g9GVpcFb.performAs$accessor$XDIBVkbn(Unknown Source)
	at sun.reflect.NativeMethodAccessorImpl.invoke0(Native Method)
	at sun.reflect.NativeMethodAccessorImpl.invoke(NativeMethodAccessorImpl.java:62)
	at sun.reflect.DelegatingMethodAccessorImpl.invoke(DelegatingMethodAccessorImpl.java:43)
	at java.lang.reflect.Method.invoke(Method.java:498)
	at net.thucydides.core.steps.StepInterceptor.invokeMethod(StepInterceptor.java:471)
	at net.thucydides.core.steps.StepInterceptor.executeTestStepMethod(StepInterceptor.java:451)
	at net.thucydides.core.steps.StepInterceptor.runTestStep(StepInterceptor.java:424)
	at net.thucydides.core.steps.StepInterceptor.runOrSkipMethod(StepInterceptor.java:180)
	at net.thucydides.core.steps.StepInterceptor.testStepResult(StepInterceptor.java:167)
	at net.thucydides.core.steps.StepInterceptor.intercept(StepInterceptor.java:75)
	at net.serenitybdd.screenplay.actions.ClickOnTarget$ByteBuddy$g9GVpcFb.performAs(Unknown Source)
	at net.serenitybdd.screenplay.Actor.performTask(Actor.java:233)
	at net.serenitybdd.screenplay.Actor.perform(Actor.java:214)
	at net.serenitybdd.screenplay.Actor.attemptsTo(Actor.java:171)
	at com.davivienda.pruebaautomatizacion.interactions.SeleccionarVuelo.IsSeleccionarVuelo.performAs(IsSeleccionarVuelo.java:26)
	at com.davivienda.pruebaautomatizacion.interactions.SeleccionarVuelo.IsSeleccionarVuelo$ByteBuddy$zjko6IzW.performAs$accessor$WZQRyHtH(Unknown Source)
	at sun.reflect.NativeMethodAccessorImpl.invoke0(Native Method)
	at sun.reflect.NativeMethodAccessorImpl.invoke(NativeMethodAccessorImpl.java:62)
	at sun.reflect.DelegatingMethodAccessorImpl.invoke(DelegatingMethodAccessorImpl.java:43)
	at java.lang.reflect.Method.invoke(Method.java:498)
	at net.thucydides.core.steps.StepInterceptor.invokeMethod(StepInterceptor.java:471)
	at net.thucydides.core.steps.StepInterceptor.executeTestStepMethod(StepInterceptor.java:451)
	at net.thucydides.core.steps.StepInterceptor.runTestStep(StepInterceptor.java:424)
	at net.thucydides.core.steps.StepInterceptor.runOrSkipMethod(StepInterceptor.java:180)
	at net.thucydides.core.steps.StepInterceptor.testStepResult(StepInterceptor.java:167)
	at net.thucydides.core.steps.StepInterceptor.intercept(StepInterceptor.java:75)
	at com.davivienda.pruebaautomatizacion.interactions.SeleccionarVuelo.IsSeleccionarVuelo$ByteBuddy$zjko6IzW.performAs(Unknown Source)
	at net.serenitybdd.screenplay.Actor.performTask(Actor.java:233)
	at net.serenitybdd.screenplay.Actor.perform(Actor.java:214)
	at net.serenitybdd.screenplay.Actor.attemptsTo(Actor.java:171)
	at net.serenitybdd.screenplay.Actor.wasAbleTo(Actor.java:158)
	at com.davivienda.pruebaautomatizacion.definition.BuscarVuelosSteps.haceClicEnElBotonBuscarVuelos(BuscarVuelosSteps.java:51)
	at ✽.hace clic en el boton buscar vuelos(src/test/resources/features/BusquedaVuelos.feature:13)
</failure>
  </testcase>
  <system-out><![CDATA[]]></system-out>
  <system-err><![CDATA[[Test worker] WARN net.thucydides.core.steps.BaseStepListener - stepStarted: net.thucydides.core.steps.ExecutedStepDescription@5398edd0
[Test worker] WARN net.thucydides.core.steps.BaseStepListener - stepStarted: net.thucydides.core.steps.ExecutedStepDescription@359ff4d9
[Test worker] WARN net.thucydides.core.steps.BaseStepListener - stepStarted: net.thucydides.core.steps.ExecutedStepDescription@7de843ef
oct 25, 2024 4:44:16 PM org.openqa.selenium.remote.DesiredCapabilities chrome
INFORMACIÓN: Using `new ChromeOptions()` is preferred to `DesiredCapabilities.chrome()`
[Test worker] INFO net.serenitybdd.core.webdriver.driverproviders.ProvideNewDriver - Instantiating driver
[Test worker] INFO net.serenitybdd.core.webdriver.driverproviders.ProvideNewDriver - Driver capabilities: Capabilities {acceptInsecureCerts: false, acceptSslCerts: true, browserName: chrome, chrome.switches: --disable-extensions,--star..., goog:chromeOptions: {args: [--disable-extensions, --start-maximized, --test-type, --user-agent=New User Agent], extensions: [], prefs: {pdfjs.disabled: true, profile_default_content_settings.popups: 0}}, handlesAlerts: true, loggingPrefs: org.openqa.selenium.logging..., platform: ANY, version: }
Starting ChromeDriver 129.0.6668.89 (951c0b97221f8d4ba37cf97d324505c832251cf9-refs/branch-heads/6668@{#1503}) on port 4627
Only local connections are allowed.
Please see https://chromedriver.chromium.org/security-considerations for suggestions on keeping ChromeDriver safe.
ChromeDriver was started successfully on port 4627.
[1729892660.158][WARNING]: This version of ChromeDriver has not been tested with Chrome version 130.
oct 25, 2024 4:44:20 PM org.openqa.selenium.remote.ProtocolHandshake createSession
INFORMACIÓN: Detected dialect: W3C
[Test worker] WARN net.thucydides.core.steps.BaseStepListener - stepFinished: current outcome:Diligenciar el formulario de vuelos con datos necesarios y buscar vuelo:Example: {Origen=Bogota, Destino=Cali} [Dado que el usuario esta en la pagina de busqueda de vuelos [Usuario is abrir pagina [Usuario opens the Ui abrir pagina]]]
[Test worker] WARN net.thucydides.core.steps.BaseStepListener - stepStarted: net.thucydides.core.steps.ExecutedStepDescription@3d620a1
[Test worker] WARN net.thucydides.core.steps.BaseStepListener - stepFinished: current outcome:Diligenciar el formulario de vuelos con datos necesarios y buscar vuelo:Example: {Origen=Bogota, Destino=Cali} [Dado que el usuario esta en la pagina de busqueda de vuelos [Usuario is abrir pagina [Usuario opens the Ui abrir pagina, Usuario clicks on Aceptar los cookies de la pagina web]]]
[Test worker] WARN net.thucydides.core.steps.BaseStepListener - stepFinished: current outcome:Diligenciar el formulario de vuelos con datos necesarios y buscar vuelo:Example: {Origen=Bogota, Destino=Cali} [Dado que el usuario esta en la pagina de busqueda de vuelos [Usuario is abrir pagina [Usuario opens the Ui abrir pagina, Usuario clicks on Aceptar los cookies de la pagina web]]]
[Test worker] WARN net.thucydides.core.steps.BaseStepListener - stepFinished: current outcome:Diligenciar el formulario de vuelos con datos necesarios y buscar vuelo:Example: {Origen=Bogota, Destino=Cali} [Dado que el usuario esta en la pagina de busqueda de vuelos [Usuario is abrir pagina [Usuario opens the Ui abrir pagina, Usuario clicks on Aceptar los cookies de la pagina web]]]
[Test worker] WARN net.thucydides.core.steps.BaseStepListener - stepStarted: net.thucydides.core.steps.ExecutedStepDescription@58a84a12
[Test worker] WARN net.thucydides.core.steps.BaseStepListener - stepStarted: net.thucydides.core.steps.ExecutedStepDescription@39dec536
[Test worker] WARN net.thucydides.core.steps.BaseStepListener - stepStarted: net.thucydides.core.steps.ExecutedStepDescription@3d40a3b4
[Test worker] WARN net.thucydides.core.steps.BaseStepListener - stepFinished: current outcome:Diligenciar el formulario de vuelos con datos necesarios y buscar vuelo:Example: {Origen=Bogota, Destino=Cali} [Dado que el usuario esta en la pagina de busqueda de vuelos [Usuario is abrir pagina [Usuario opens the Ui abrir pagina, Usuario clicks on Aceptar los cookies de la pagina web]], Cuando Diligencia el formulario de vuelos con los siguientes datos
| Origen | Destino |
| Bogota | Cali | [Usuario ts diligenciar formulario [Usuario enters 'Bogota' into Ingresar el Origen del vuelo]]]
[Test worker] WARN net.thucydides.core.steps.BaseStepListener - stepStarted: net.thucydides.core.steps.ExecutedStepDescription@764b14b8
[Test worker] WARN net.thucydides.core.steps.BaseStepListener - stepFinished: current outcome:Diligenciar el formulario de vuelos con datos necesarios y buscar vuelo:Example: {Origen=Bogota, Destino=Cali} [Dado que el usuario esta en la pagina de busqueda de vuelos [Usuario is abrir pagina [Usuario opens the Ui abrir pagina, Usuario clicks on Aceptar los cookies de la pagina web]], Cuando Diligencia el formulario de vuelos con los siguientes datos
| Origen | Destino |
| Bogota | Cali | [Usuario ts diligenciar formulario [Usuario enters 'Bogota' into Ingresar el Origen del vuelo, Usuario enters 'Cali' into Ingresar el Destino del vuelo]]]
[Test worker] WARN net.thucydides.core.steps.BaseStepListener - stepStarted: net.thucydides.core.steps.ExecutedStepDescription@322204dc
[Test worker] WARN net.thucydides.core.steps.BaseStepListener - stepFinished: current outcome:Diligenciar el formulario de vuelos con datos necesarios y buscar vuelo:Example: {Origen=Bogota, Destino=Cali} [Dado que el usuario esta en la pagina de busqueda de vuelos [Usuario is abrir pagina [Usuario opens the Ui abrir pagina, Usuario clicks on Aceptar los cookies de la pagina web]], Cuando Diligencia el formulario de vuelos con los siguientes datos
| Origen | Destino |
| Bogota | Cali | [Usuario ts diligenciar formulario [Usuario enters 'Bogota' into Ingresar el Origen del vuelo, Usuario enters 'Cali' into Ingresar el Destino del vuelo, Usuario clicks on Seleccionar la fecha de ida del vuelo]]]
[Test worker] WARN net.thucydides.core.steps.BaseStepListener - stepStarted: net.thucydides.core.steps.ExecutedStepDescription@2f79f192
[Test worker] WARN net.thucydides.core.steps.BaseStepListener - stepFinished: current outcome:Diligenciar el formulario de vuelos con datos necesarios y buscar vuelo:Example: {Origen=Bogota, Destino=Cali} [Dado que el usuario esta en la pagina de busqueda de vuelos [Usuario is abrir pagina [Usuario opens the Ui abrir pagina, Usuario clicks on Aceptar los cookies de la pagina web]], Cuando Diligencia el formulario de vuelos con los siguientes datos
| Origen | Destino |
| Bogota | Cali | [Usuario ts diligenciar formulario [Usuario enters 'Bogota' into Ingresar el Origen del vuelo, Usuario enters 'Cali' into Ingresar el Destino del vuelo, Usuario clicks on Seleccionar la fecha de ida del vuelo, Usuario clicks on Seleccionar la fecha del vuelo]]]
[Test worker] WARN net.thucydides.core.steps.BaseStepListener - stepStarted: net.thucydides.core.steps.ExecutedStepDescription@51d0ec6f
[Test worker] WARN net.thucydides.core.steps.BaseStepListener - stepFinished: current outcome:Diligenciar el formulario de vuelos con datos necesarios y buscar vuelo:Example: {Origen=Bogota, Destino=Cali} [Dado que el usuario esta en la pagina de busqueda de vuelos [Usuario is abrir pagina [Usuario opens the Ui abrir pagina, Usuario clicks on Aceptar los cookies de la pagina web]], Cuando Diligencia el formulario de vuelos con los siguientes datos
| Origen | Destino |
| Bogota | Cali | [Usuario ts diligenciar formulario [Usuario enters 'Bogota' into Ingresar el Origen del vuelo, Usuario enters 'Cali' into Ingresar el Destino del vuelo, Usuario clicks on Seleccionar la fecha de ida del vuelo, Usuario clicks on Seleccionar la fecha del vuelo, Usuario clicks on Seleccionar la fecha del vuelo]]]
[Test worker] WARN net.thucydides.core.steps.BaseStepListener - stepFinished: current outcome:Diligenciar el formulario de vuelos con datos necesarios y buscar vuelo:Example: {Origen=Bogota, Destino=Cali} [Dado que el usuario esta en la pagina de busqueda de vuelos [Usuario is abrir pagina [Usuario opens the Ui abrir pagina, Usuario clicks on Aceptar los cookies de la pagina web]], Cuando Diligencia el formulario de vuelos con los siguientes datos
| Origen | Destino |
| Bogota | Cali | [Usuario ts diligenciar formulario [Usuario enters 'Bogota' into Ingresar el Origen del vuelo, Usuario enters 'Cali' into Ingresar el Destino del vuelo, Usuario clicks on Seleccionar la fecha de ida del vuelo, Usuario clicks on Seleccionar la fecha del vuelo, Usuario clicks on Seleccionar la fecha del vuelo]]]
[Test worker] WARN net.thucydides.core.steps.BaseStepListener - stepFinished: current outcome:Diligenciar el formulario de vuelos con datos necesarios y buscar vuelo:Example: {Origen=Bogota, Destino=Cali} [Dado que el usuario esta en la pagina de busqueda de vuelos [Usuario is abrir pagina [Usuario opens the Ui abrir pagina, Usuario clicks on Aceptar los cookies de la pagina web]], Cuando Diligencia el formulario de vuelos con los siguientes datos
| Origen | Destino |
| Bogota | Cali | [Usuario ts diligenciar formulario [Usuario enters 'Bogota' into Ingresar el Origen del vuelo, Usuario enters 'Cali' into Ingresar el Destino del vuelo, Usuario clicks on Seleccionar la fecha de ida del vuelo, Usuario clicks on Seleccionar la fecha del vuelo, Usuario clicks on Seleccionar la fecha del vuelo]]]
[Test worker] WARN net.thucydides.core.steps.BaseStepListener - stepStarted: net.thucydides.core.steps.ExecutedStepDescription@30c19bff
[Test worker] WARN net.thucydides.core.steps.BaseStepListener - stepStarted: net.thucydides.core.steps.ExecutedStepDescription@d3e3085
[Test worker] WARN net.thucydides.core.steps.BaseStepListener - stepStarted: net.thucydides.core.steps.ExecutedStepDescription@1320e68a
[Test worker] WARN net.thucydides.core.steps.BaseStepListener - stepFinished: current outcome:Diligenciar el formulario de vuelos con datos necesarios y buscar vuelo:Example: {Origen=Bogota, Destino=Cali} [Dado que el usuario esta en la pagina de busqueda de vuelos [Usuario is abrir pagina [Usuario opens the Ui abrir pagina, Usuario clicks on Aceptar los cookies de la pagina web]], Cuando Diligencia el formulario de vuelos con los siguientes datos
| Origen | Destino |
| Bogota | Cali | [Usuario ts diligenciar formulario [Usuario enters 'Bogota' into Ingresar el Origen del vuelo, Usuario enters 'Cali' into Ingresar el Destino del vuelo, Usuario clicks on Seleccionar la fecha de ida del vuelo, Usuario clicks on Seleccionar la fecha del vuelo, Usuario clicks on Seleccionar la fecha del vuelo]], Y hace clic en el boton buscar vuelos [Usuario is buscar vuelos [Usuario clicks on Botón para buscar el vuelo]]]
[Test worker] WARN net.thucydides.core.steps.BaseStepListener - stepFinished: current outcome:Diligenciar el formulario de vuelos con datos necesarios y buscar vuelo:Example: {Origen=Bogota, Destino=Cali} [Dado que el usuario esta en la pagina de busqueda de vuelos [Usuario is abrir pagina [Usuario opens the Ui abrir pagina, Usuario clicks on Aceptar los cookies de la pagina web]], Cuando Diligencia el formulario de vuelos con los siguientes datos
| Origen | Destino |
| Bogota | Cali | [Usuario ts diligenciar formulario [Usuario enters 'Bogota' into Ingresar el Origen del vuelo, Usuario enters 'Cali' into Ingresar el Destino del vuelo, Usuario clicks on Seleccionar la fecha de ida del vuelo, Usuario clicks on Seleccionar la fecha del vuelo, Usuario clicks on Seleccionar la fecha del vuelo]], Y hace clic en el boton buscar vuelos [Usuario is buscar vuelos [Usuario clicks on Botón para buscar el vuelo]]]
[Test worker] WARN net.thucydides.core.steps.BaseStepListener - stepStarted: net.thucydides.core.steps.ExecutedStepDescription@113ee1ce
[Test worker] WARN net.thucydides.core.steps.BaseStepListener - stepStarted: net.thucydides.core.steps.ExecutedStepDescription@1961d75a
[Test worker] WARN net.thucydides.core.steps.BaseStepListener - stepStarted: net.thucydides.core.steps.ExecutedStepDescription@2de9ca6
[Test worker] WARN net.thucydides.core.steps.BaseStepListener - testFinished: Diligenciar el formulario de vuelos con datos necesarios y buscar vuelo:Example: {Origen=Bogota, Destino=Cali} [Dado que el usuario esta en la pagina de busqueda de vuelos [Usuario is abrir pagina [Usuario opens the Ui abrir pagina, Usuario clicks on Aceptar los cookies de la pagina web]], Cuando Diligencia el formulario de vuelos con los siguientes datos
| Origen | Destino |
| Bogota | Cali | [Usuario ts diligenciar formulario [Usuario enters 'Bogota' into Ingresar el Origen del vuelo, Usuario enters 'Cali' into Ingresar el Destino del vuelo, Usuario clicks on Seleccionar la fecha de ida del vuelo, Usuario clicks on Seleccionar la fecha del vuelo, Usuario clicks on Seleccionar la fecha del vuelo]], Y hace clic en el boton buscar vuelos [Usuario is buscar vuelos [Usuario clicks on Botón para buscar el vuelo], Usuario is seleccionar vuelo [Usuario clicks on Seleccionar El segundo vuelo]]], Entonces espera y  muestra de resultados seleccionando el segundo vuelo disponible indicando que la prueba es exitosa
[Test worker] WARN net.thucydides.core.steps.BaseStepListener - TestOutcomes: [Diligenciar el formulario de vuelos con datos necesarios y buscar vuelo:Example: {Origen=Bogota, Destino=Cali} [Dado que el usuario esta en la pagina de busqueda de vuelos [Usuario is abrir pagina [Usuario opens the Ui abrir pagina, Usuario clicks on Aceptar los cookies de la pagina web]], Cuando Diligencia el formulario de vuelos con los siguientes datos
| Origen | Destino |
| Bogota | Cali | [Usuario ts diligenciar formulario [Usuario enters 'Bogota' into Ingresar el Origen del vuelo, Usuario enters 'Cali' into Ingresar el Destino del vuelo, Usuario clicks on Seleccionar la fecha de ida del vuelo, Usuario clicks on Seleccionar la fecha del vuelo, Usuario clicks on Seleccionar la fecha del vuelo]], Y hace clic en el boton buscar vuelos [Usuario is buscar vuelos [Usuario clicks on Botón para buscar el vuelo], Usuario is seleccionar vuelo [Usuario clicks on Seleccionar El segundo vuelo]]], Entonces espera y  muestra de resultados seleccionando el segundo vuelo disponible indicando que la prueba es exitosa]
[Test worker] WARN net.thucydides.core.steps.BaseStepListener - Final testOutcomes: [Diligenciar el formulario de vuelos con datos necesarios y buscar vuelo:Example: {Origen=Bogota, Destino=Cali} [Dado que el usuario esta en la pagina de busqueda de vuelos [Usuario is abrir pagina [Usuario opens the Ui abrir pagina, Usuario clicks on Aceptar los cookies de la pagina web]], Cuando Diligencia el formulario de vuelos con los siguientes datos
| Origen | Destino |
| Bogota | Cali | [Usuario ts diligenciar formulario [Usuario enters 'Bogota' into Ingresar el Origen del vuelo, Usuario enters 'Cali' into Ingresar el Destino del vuelo, Usuario clicks on Seleccionar la fecha de ida del vuelo, Usuario clicks on Seleccionar la fecha del vuelo, Usuario clicks on Seleccionar la fecha del vuelo]], Y hace clic en el boton buscar vuelos [Usuario is buscar vuelos [Usuario clicks on Botón para buscar el vuelo], Usuario is seleccionar vuelo [Usuario clicks on Seleccionar El segundo vuelo]]], Entonces espera y  muestra de resultados seleccionando el segundo vuelo disponible indicando que la prueba es exitosa]
[Test worker] ERROR net.thucydides.core.steps.ConsoleLoggingListener - 
           __  _____ _____ ____ _____   _____ _    ___ _     _____ ____  
  _       / / |_   _| ____/ ___|_   _| |  ___/ \  |_ _| |   | ____|  _ \ 
 (_)_____| |    | | |  _| \___ \ | |   | |_ / _ \  | || |   |  _| | | | |
  _|_____| |    | | | |___ ___) || |   |  _/ ___ \ | || |___| |___| |_| |
 (_)     | |    |_| |_____|____/ |_|   |_|/_/   \_\___|_____|_____|____/ 
          \_\                                                            

TEST FAILED WITH ERROR: Diligenciar el formulario de vuelos con datos necesarios y buscar vuelo
---------------------------------------------------------------------
[Test worker] ERROR net.thucydides.core.steps.ConsoleLoggingListener - TEST FAILED AT STEP Usuario clicks on Seleccionar El segundo vuelo
[Test worker] ERROR net.thucydides.core.steps.ConsoleLoggingListener - element click intercepted: Element <span class="aui-button__label">...</span> is not clickable at point (1332, 10). Other element would receive the click: <div class="styles__ViewFlightWrapper-sc-1ejm4gi-3 hjzFmK">...</div>
]]></system-err>
</testsuite>
